Failure # 1 (occurred at 2023-11-16_16-32-28)
The actor died because of an error raised in its creation task, [36mray::PPO.__init__()[39m (pid=20312, ip=127.0.0.1, actor_id=7f979e96c73ddb144f7e959f01000000, repr=PPO)
  File "/Users/jang-yejun/opt/anaconda3/lib/python3.9/site-packages/ray/rllib/evaluation/worker_set.py", line 227, in _setup
    self.add_workers(
  File "/Users/jang-yejun/opt/anaconda3/lib/python3.9/site-packages/ray/rllib/evaluation/worker_set.py", line 593, in add_workers
    raise result.get()
  File "/Users/jang-yejun/opt/anaconda3/lib/python3.9/site-packages/ray/rllib/utils/actor_manager.py", line 481, in __fetch_result
    result = ray.get(r)
ray.exceptions.RayActorError: The actor died because of an error raised in its creation task, [36mray::RolloutWorker.__init__()[39m (pid=20330, ip=127.0.0.1, actor_id=d257a196758648701ca760ce01000000, repr=<ray.rllib.evaluation.rollout_worker.RolloutWorker object at 0x7fd0d05e5fa0>)
  File "/Users/jang-yejun/opt/anaconda3/lib/python3.9/site-packages/ray/rllib/evaluation/rollout_worker.py", line 397, in __init__
    self.env = env_creator(copy.deepcopy(self.env_context))
  File "/Users/jang-yejun/Projects/VSCodeProjects/SOUL_project/Source/RLlibPractice/RLlibpractice_politics_env.py", line 69, in <lambda>
    register_env(env_name, lambda config: ParallelPettingZooEnv(env_creator(config)))
  File "/Users/jang-yejun/Projects/VSCodeProjects/SOUL_project/Source/RLlibPractice/RLlibpractice_politics_env.py", line 49, in env_creator
    env = PoliticsEnv.parallel_env(
AttributeError: type object 'PoliticsEnv' has no attribute 'parallel_env'

During handling of the above exception, another exception occurred:

[36mray::PPO.__init__()[39m (pid=20312, ip=127.0.0.1, actor_id=7f979e96c73ddb144f7e959f01000000, repr=PPO)
  File "/Users/jang-yejun/opt/anaconda3/lib/python3.9/site-packages/ray/rllib/algorithms/algorithm.py", line 517, in __init__
    super().__init__(
  File "/Users/jang-yejun/opt/anaconda3/lib/python3.9/site-packages/ray/tune/trainable/trainable.py", line 161, in __init__
    self.setup(copy.deepcopy(self.config))
  File "/Users/jang-yejun/opt/anaconda3/lib/python3.9/site-packages/ray/rllib/algorithms/algorithm.py", line 639, in setup
    self.workers = WorkerSet(
  File "/Users/jang-yejun/opt/anaconda3/lib/python3.9/site-packages/ray/rllib/evaluation/worker_set.py", line 179, in __init__
    raise e.args[0].args[2]
AttributeError: type object 'PoliticsEnv' has no attribute 'parallel_env'
